Timestamp: 1431925250.31
             total       used       free     shared    buffers     cached
Mem:        866876     798528      68348        192       4936     289712
-/+ buffers/cache:     503880     362996
Swap:            0          0          0
Timestamp: 1431925310.37
             total       used       free     shared    buffers     cached
Mem:        866876     799052      67824        192       4936     290068
-/+ buffers/cache:     504048     362828
Swap:            0          0          0
Timestamp: 1431925370.46
             total       used       free     shared    buffers     cached
Mem:        866876     798956      67920        192       4936     290640
-/+ buffers/cache:     503380     363496
Swap:            0          0          0
Timestamp: 1431925430.53
             total       used       free     shared    buffers     cached
Mem:        866876     799652      67224        192       4936     290832
-/+ buffers/cache:     503884     362992
Swap:            0          0          0
Timestamp: 1431925490.61
             total       used       free     shared    buffers     cached
Mem:        866876     799824      67052        192       4936     291244
-/+ buffers/cache:     503644     363232
Swap:            0          0          0
Timestamp: 1431925550.71
             total       used       free     shared    buffers     cached
Mem:        866876     800324      66552        192       4936     291516
-/+ buffers/cache:     503872     363004
Swap:            0          0          0
Timestamp: 1431925610.79
             total       used       free     shared    buffers     cached
Mem:        866876     800440      66436        192       4936     291516
-/+ buffers/cache:     503988     362888
Swap:            0          0          0
Timestamp: 1431925670.9
             total       used       free     shared    buffers     cached
Mem:        866876     800348      66528        192       4936     291520
-/+ buffers/cache:     503892     362984
Swap:            0          0          0
Timestamp: 1431925730.99
             total       used       free     shared    buffers     cached
Mem:        866876     800452      66424        192       4936     291520
-/+ buffers/cache:     503996     362880
Swap:            0          0          0
Timestamp: 1431925791.11
             total       used       free     shared    buffers     cached
Mem:        866876     800428      66448        192       4936     291520
-/+ buffers/cache:     503972     362904
Swap:            0          0          0
Timestamp: 1431925851.19
             total       used       free     shared    buffers     cached
Mem:        866876     800288      66588        192       4936     291520
-/+ buffers/cache:     503832     363044
Swap:            0          0          0
Timestamp: 1431925911.27
             total       used       free     shared    buffers     cached
Mem:        866876     800412      66464        192       4936     291520
-/+ buffers/cache:     503956     362920
Swap:            0          0          0
Timestamp: 1431925971.37
             total       used       free     shared    buffers     cached
Mem:        866876     800792      66084        192       4936     291520
-/+ buffers/cache:     504336     362540
Swap:            0          0          0
Timestamp: 1431926031.44
             total       used       free     shared    buffers     cached
Mem:        866876     800240      66636        192       4936     291520
-/+ buffers/cache:     503784     363092
Swap:            0          0          0
Timestamp: 1431926091.52
             total       used       free     shared    buffers     cached
Mem:        866876     800008      66868        192       4936     291520
-/+ buffers/cache:     503552     363324
Swap:            0          0          0
Timestamp: 1431926151.56
             total       used       free     shared    buffers     cached
Mem:        866876     800560      66316        192       4936     291520
-/+ buffers/cache:     504104     362772
Swap:            0          0          0
Timestamp: 143192Timestamp: 1432009598.13
             total       used       free     shared    buffers     cached
Mem:        866876     797276      69600        192       5108     283144
-/+ buffers/cache:     509024     357852
Swap:            0          0          0
Timestamp: 1432009658.2
             total       used       free     shared    buffers     cached
Mem:        866876     797396      69480        192       5108     283148
-/+ buffers/cache:     509140     357736
Swap:            0          0          0
Timestamp: 1432009718.28
             total       used       free     shared    buffers     cached
Mem:        866876     797524      69352        192       5108     283148
-/+ buffers/cache:     509268     357608
Swap:            0          0          0
Timestamp: 1432009778.36
             total       used       free     shared    buffers     cached
Mem:        866876     797428      69448        192       5108     283148
-/+ buffers/cache:     509172     357704
Swap:            0          0          0
Timestamp: 1432009838.39
             total       used       free     shared    buffers     cached
Mem:        866876     797584      69292        192       5108     283152
-/+ buffers/cache:     509324     357552
Swap:            0          0          0
Timestamp: 1432009898.46
             total       used       free     shared    buffers     cached
Mem:        866876     797620      69256        192       5108     283152
-/+ buffers/cache:     509360     357516
Swap:            0          0          0
Timestamp: 1432009958.52
             total       used       free     shared    buffers     cached
Mem:        866876     797500      69376        192       5108     283152
-/+ buffers/cache:     509240     357636
Swap:            0          0          0
Timestamp: 1432010018.6
             total       used       free     shared    buffers     cached
Mem:        866876     797836      69040        192       5108     283152
-/+ buffers/cache:     509576     357300
Swap:            0          0          0
Timestamp: 1432010078.64
             total       used       free     shared    buffers     cached
Mem:        866876     797776      69100        192       5108     283152
-/+ buffers/cache:     509516     357360
Swap:            0          0          0
Timestamp: 1432010138.72
             total       used       free     shared    buffers     cached
Mem:        866876     797888      68988        192       5108     283152
-/+ buffers/cache:     509628     357248
Swap:            0          0          0
Timestamp: 1432010198.76
             total       used       free     shared    buffers     cached
Mem:        866876     798004      68872        192       5108     283152
-/+ buffers/cache:     509744     357132
Swap:            0          0          0
Timestamp: 1432010258.84
             total       used       free     shared    buffers     cached
Mem:        866876     797684      69192        192       5108     283152
-/+ buffers/cache:     509424     357452
Swap:            0          0          0
Timestamp: 1432010318.91
             total       used       free     shared    buffers     cached
Mem:        866876     797872      69004        192       5108     283152
-/+ buffers/cache:     509612     357264
Swap:            0          0          0
Timestamp: 1432010378.99
             total       used       free     shared    buffers     cached
Mem:        866876     797956      68920        192       5108     283152
-/+ buffers/cache:     509696     357180
Swap:            0          0          0
Timestamp: 1432010439.06
             total       used       free     shared    buffers     cached
Mem:        866876     797776      69100        192       5108     283152
-/+ buffers/cache:     509516     357360
Swap:            0          0          0
Timestamp: 1432010499.11
             total       used       free     shared    buffers     cached
Mem:        866876     798076      68800        192       5108     283152
-/+ buffers/cache:     509816     357060
Swap:            0          0          0
Timestamp: 1432010Timestamp: 1432028615.3
             total       used       free     shared    buffers     cached
Mem:        866876     483836     383040        192      11184     111832
-/+ buffers/cache:     360820     506056
Swap:            0          0          0
Timestamp: 1432028675.39
             total       used       free     shared    buffers     cached
Mem:        866876     484264     382612        192      11184     113000
-/+ buffers/cache:     360080     506796
Swap:            0          0          0
Timestamp: 1432028735.47
             total       used       free     shared    buffers     cached
Mem:        866876     518468     348408        192      11240     145088
-/+ buffers/cache:     362140     504736
Swap:            0          0          0
Timestamp: 1432028795.48
             total       used       free     shared    buffers     cached
Mem:        866876     521336     345540        196      11264     146344
-/+ buffers/cache:     363728     503148
Swap:            0          0          0
Timestamp: 1432028855.56
             total       used       free     shared    buffers     cached
Mem:        866876     524620     342256        196      11264     146796
-/+ buffers/cache:     366560     500316
Swap:            0          0          0
Timestamp: 1432028915.63
             total       used       free     shared    buffers     cached
Mem:        866876     526624     340252        196      11264     148364
-/+ buffers/cache:     366996     499880
Swap:            0          0          0
Timestamp: 1432028975.71
             total       used       free     shared    buffers     cached
Mem:        866876     529308     337568        196      11264     149032
-/+ buffers/cache:     369012     497864
Swap:            0          0          0
Timestamp: 1432029035.78
             total       used       free     shared    buffers     cached
Mem:        866876     529680     337196        196      11264     150380
-/+ buffers/cache:     368036     498840
Swap:            0          0          0
Timestamp: 1432029095.87
             total       used       free     shared    buffers     cached
Mem:        866876     529932     336944        196      11264     151056
-/+ buffers/cache:     367612     499264
Swap:            0          0          0
Timestamp: 1432029155.97
             total       used       free     shared    buffers     cached
Mem:        866876     531088     335788        196      11264     151380
-/+ buffers/cache:     368444     498432
Swap:            0          0          0
Timestamp: 1432029216.04
             total       used       free     shared    buffers     cached
Mem:        866876     543732     323144        196      11288     162176
-/+ buffers/cache:     370268     496608
Swap:            0          0          0
Timestamp: 1432029276.12
             total       used       free     shared    buffers     cached
Mem:        866876     593684     273192        196      11308     210472
-/+ buffers/cache:     371904     494972
Swap:            0          0          0
Timestamp: 1432029336.19
             total       used       free     shared    buffers     cached
Mem:        866876     594904     271972        196      11308     211752
-/+ buffers/cache:     371844     495032
Swap:            0          0          0
Timestamp: 1432029396.28
             total       used       free     shared    buffers     cached
Mem:        866876     595652     271224        196      11308     212632
-/+ buffers/cache:     371712     495164
Swap:            0          0          0
Timestamp: 1432029456.38
             total       used       free     shared    buffers     cached
Mem:        866876     596236     270640        196      11308     213000
-/+ buffers/cache:     371928     494948
Swap:            0          0          0
Timestamp: 1432029516.45
             total       used       free     shared    buffers     cached
Mem:        866876     599000     267876        196      11308     214760
-/+ buffers/cache:     372932     493944
Swap:            0          0          0
Timestamp: 1432029576.55
             total       used       free     shared    buffers     cached
Mem:        866876     617860     249016        196      11316     233276
-/+ buffers/cache:     373268     493608
Swap:            0          0          0
