# Receive, Transmit
4295 4267
4403 4267
4939 4675
4939 4675
4939 4675
5109 4845
5523 5253
5523 5253
5523 5253
5523 5253
5523 5253
5631 5361
5631 5361
5631 5361
5631 5361
5631 5361
5631 5361
5631 5361
6313 5519
6313 5519
6313 5519
6313 5519
6313 5519
6313 5519
6313 5519
6313 5519
6313 5519
7981 6479
8047 6545
8047 6545
8686 7792
8686 7792
8746 7834
8946 8448
8946 8448
8946 8448
9146 9064
9146 9064
9206 9106
9740 9214
10403 10137
10403 10137
10403 10137
10403 10137
10511 10245
13088 12768
24349 25760
24349 25760
25110 26235
25342 26435
25582 26726
27038 27524
27138 27624
32010 29027
33939 29995
34039 29995
34039 29995
34039 29995
34179 29995
36849 30555
36909 30597
37109 30597
37109 30597
37664 30930
37664 30930
37664 30930
39570 33280
59189 40887
59662 41492
66108 43134
66108 43134
66208 43234
66408 43434
66408 43434
66408 43434
66494 43434
69349 45284
69349 45284
69349 45284
69449 45384
72507 46971
72507 46971
72673 47137
74239 49217
75141 49931
76135 50513
77880 54241
78748 54851
78748 54851
78748 54851
78748 54851
78748 54851
78748 54851
78748 54851
78748 54851
78748 54851
79297 55784
79297 55784
79397 55884
79497 55984
82856 59712
82922 59778
82922 59778
82922 59778
82922 59778
82922 59778
82922 59778
82922 59778
82922 59778
82922 59778
91965 69216
327761 83003
369380 93142
4848614 136778
18670941 225365
24337402 274669
33050171 329647
33052640 332412
33059221 339894
33059221 339894
33059221 339894
33059221 339894
33059446 340215
33059446 340215
33059546 340315
33059546 340315
33059546 340315
33059546 340315
33059546 340315
33059546 340315
33059546 340315
33059546 340315
33059546 340315
33059546 340315
33061936 341562
33061936 341628
33066032 345127
33068854 350160
33068994 350573
33074250 357996
33074310 358186
33074410 358286
33074410 358386
33077014 359916
33077154 360077
33083826 363996
33084826 364506
33084826 364606
33084826 364606
33087298 366136
33090174 367827
33097714 372256
33100450 373886
33100656 374113
33103120 375482
33105592 377012
33105784 377012
33105784 377012
33105784 377012
33105784 377012
33105784 377012
33109851 380702
33109851 380702
33109851 380702
33109951 380802
33114668 382977
33114668 382977
33114668 382977
33114668 382977
33114828 383119
33114828 383119
33114828 383119
33114962 383270
33115499 383443
33115499 383443
33116574 383756
33116776 383942
33116876 384042
33117222 384124
33118818 385113
33118818 385113
33118905 385200
33118905 385200
33119005 385300
33119005 385300
33119873 385940
33119873 385940
33120013 385940
33120153 386205
33122931 387527
33123017 387527
33123223 387884
33127319 395114
33128500 395664
33128500 395664
33128500 395664
33130684 396711
33131412 397160
33131412 397160
33131412 397160
33131412 397160
33133008 398123
33133008 398197
33133008 398271
33135551 403487
33135691 403748
33137287 404607
33137287 404607
33137287 404607
33137287 404607
33137287 404673
33137353 404673
33137353 404673
33138221 405283
33138221 405283
33138281 405325
33139149 405835
33139149 405835
33142336 407310
33142525 407532
33142525 407532
33142525 407532
33148122 410273
33151907 416493
33152015 416601
33152015 416601
33152015 416601
33152102 416688
33152102 416688
33152664 416841
33152664 416841
33153476 417014
33153756 417014
33154602 417698
33155297 417913
33155397 418013
33155505 418013
33156384 418912
33157160 420016
33157640 420680
33162766 426639
33177930 504556
33187105 586217
33191833 643241
33204565 784825
33209245 845677
33222041 1019257
33253634 1343886
33260462 1420578
33278972 1640037
33298361 1841992
33325536 2172078
33329121 2199763
33341241 2354929
33345949 2412019
33353933 2514153
33369045 2700767
33371685 2727167
33397464 3025958
33406836 3160862
33420048 3305006
33445340 3626468
33450992 3684788
33451092 3684888
33451092 3684888
33453214 3703566
33464501 3819284
33470412 3875683
33475731 3945165
33479128 3968032
33480297 3968774
33481131 3969529
33482010 3970181
33482968 3970944
33484077 3971728
33488390 3973969
33488850 3974151
33492646 3976543
33492910 3976617
33498627 3979596
33502938 3985866
33502938 3985866
33508678 3988390
33508818 3988651
33512132 3990845
33513254 3991371
33517550 3994316
33520681 3996450
33523285 3997980
33523285 3997980
33523285 3997980
33527167 4000694
33527233 4000794
33529789 4002276
33537857 4006914
33540469 4008605
33547461 4012858
33547760 4013033
33547760 4013033
33550364 4014663
33551988 4015847
33551988 4015847
33552820 4016691
33552820 4016691
33555218 4017908
33556368 4019414
33557415 4021386
33560664 4028076
33560724 4028118
33560724 4028118
33562032 4029402
33562032 4029402
33562032 4029402
33562032 4029402
33562032 4029402
33562524 4029894
33563165 4030067
33563462 4030348
33563560 4030446
33563658 4030544
33563756 4030642
33565450 4031729
33565842 4032121
33565940 4032219
33566237 4032500
33566501 4032764
33566807 4032862
33567773 4033600
33568739 4034408
33568739 4034408
33568847 4034516
33568847 4034516
33569007 4034658
33571927 4036054
33573902 4037321
33576366 4038824
33576366 4038898
33581951 4041613
33589979 4049518
33589979 4049518
33589979 4049518
33713568 4053649
34472154 4074673
34638498 4079827
34734676 4083279
35007136 4090507
35509904 4102855
35858366 4112041
36181016 4120339
36218300 4121485
36304340 4124293
36313084 4124586
36432834 4128335
36493062 4934293
36505679 5508542
36526566 6221981
36536658 6629279
36543324 6901739
36558372 7537001
36571936 8120739
36581506 8595393
36596026 9313827
36611614 9898512
36619591 10181714
36619983 10182106
36622497 10188292
36623124 10188688
36623124 10188688
36623224 10188788
36623224 10188788
36623224 10188788
36623224 10188788
36623224 10188788
36623224 10188788
36623290 10188854
36623833 10188929
36624346 10189002
36624446 10189102
36624446 10189102
36624506 10189144
36624506 10189144
36624506 10189144
36624506 10189144
36624506 10189144
36624841 10189220
36624841 10189220
37359415 10207398
50424589 10535798
66446671 10904210
82081573 11271206
97677757 11629256
114573197 12018006
132588539 12429582
150889347 12859684
167370375 13229548
185730292 13651351
194912902 13861627
207175462 14173499
221101036 14499813
234619354 14810871
250106554 15165951
267509578 15566109
285639640 15981183
305256820 16428243
324458080 16877739
342869206 17300007
361849126 17734881
361849489 17735162
361850136 17735344
361850332 17735540
361850430 17735638
361850430 17735638
361850430 17735638
361850496 17735704
361850496 17735704
361850496 17735704
361850496 17735704
361850496 17735704
361850496 17735704
361850790 17735998
361853176 17737241
361853316 17737432
361857631 17740012
361858667 17742354
361862625 17746834
361865166 17752122
361865226 17752386
361865326 17752586
361865466 17752747
361867930 17754116
361869806 17755297
361871628 17756317
361874026 17757752
361875894 17758872
361876437 17758947
361878975 17760477
361881645 17762007
361881645 17762007
361883257 17763188
361890833 17767736
361893288 17768867
361895892 17770397
361898496 17771927
361898496 17771927
361899044 17772004
361900052 17772675
361901648 17773634
361901648 17773634
361901648 17773634
361904568 17775030
361911108 17784275
361913862 17798877
361917665 17820216
361924216 17839074
361926215 17847173
361928054 17847701
361928450 17852383
361928450 17852383
361928726 17853703
361930078 17856134
361930730 17856242
361930730 17856242
361932064 17862470
361934415 17876018
361938223 17888186
361946514 17893042
371772800 18149762
390346772 18587629
409454822 19026265
429153680 19474735
448461320 19924159
465769868 20331987
481094029 20684592
498515835 21084346
516994625 21507110
533966015 21906422
544233711 22173780
558880609 22511474
575616177 22896909
593746209 23315536
612848825 23751100
629692689 24146394
646174646 24536730
661714338 24894696
679072930 25292054
697525642 25716632
705869101 25913857
705869299 25913955
705869397 25914253
705869495 25914351
705869593 25914515
705870527 25915025
705870527 25915025
705870527 25915025
705870527 25915025
705870936 25915102
705870936 25915102
705871208 25915182
705871208 25915182
705871208 25915182
705871208 25915182
705871208 25915182
705871208 25915182
705871208 25915182
705871208 25915182
705871208 25915182
705871208 25915182
705873208 25915885
705875275 25918872
705875275 25918872
705875341 25918938
705875441 25919038
705880218 25921255
705880218 25921255
705880218 25921255
705880218 25921255
705880218 25921255
705880318 25921355
705880318 25921355
705880921 25921430
705880921 25921430
705880921 25921430
705880921 25921430
705905994 25938711
705923993 25942907
705923993 25942907
705923993 25942907
705923993 25942907
705924101 25943015
705924101 25943015
705927176 25945705
705927520 25945837
705927520 25945837
705927620 25945937
705945489 25949493
706014765 25954631
706107561 25963269
706204957 25976733
706283368 25987189
706401772 25997214
706545289 26019073
706620849 26024458
706824458 26044916
706876334 26049678
707088403 26069738
707113063 26073945
707158804 26079690
707158804 26080779
707196852 26084792
707197534 26084950
707197534 26084950
707227834 26086620
707376270 26104637
707389110 26110795
707404717 26117421
707408804 26118947
707408804 26118947
707408912 26119055
707408912 26119055
707408912 26119055
707408912 26119055
707408912 26119055
707408912 26119055
707408912 26119055
707409141 26119350
707412061 26120746
707412061 26120746
707413186 26121959
707425943 26126712
707430167 26127681
707436436 26133977
707445667 26136659
707450539 26138800
707452727 26144373
707456090 26146299
707459259 26149194
707505092 26159655
707589718 26174730
707615012 26176699
707615012 26176699
707619629 26191750
707619924 26195161
707623387 26201441
707627074 26207353
707635408 26211960
707639394 26214349
707650688 26224992
707668084 26229970
707668084 26229970
707668084 26229970
707668084 26230102
707731595 26249897
707847997 26293293
707908781 26305328
707931762 26312706
707933140 26313407
707933440 26313821
707933440 26313821
707935534 26318209
707935534 26318209
707935534 26318209
708023899 26327758
713820670 26399190
720111209 26443027
721936580 26463526
721958520 26471953
721959515 26476166
721962378 26479976
721969202 26483985
721985531 26497281
722126822 26511152
722204852 26519351
722673911 26570242
722830003 26591653
722844086 26599948
722854522 26606378
722858371 26617601
722859565 26621555
722973161 26636977
722984896 26639749
722986456 26642512
723061824 26651752
723066160 26653935
723068247 26655264
723079104 26666070
723094807 26670416
723317509 26692053
723357897 26695941
723398518 26703172
723452770 26707792
723584770 26719216
723729706 26731024
723753466 26732824
723813098 26738504
723870153 26742963
724034989 26758171
724090007 26763811
724114031 26766347
724155017 26770159
724185377 26773463
724220135 26776807
724249315 26779643
724327431 26787830
724386000 26793070
724550391 26805950
728526398 26880669
734208438 26960554
739925232 27001780
749437284 27081695
749653971 27142703
749920005 27185277
749954367 27194686
749966261 27200124
749971071 27206390
749976023 27207414
749978633 27209179
749978633 27209311
749978633 27209311
749985205 27211830
749985633 27212964
749987392 27214336
749989072 27216105
749990968 27218305
749992383 27218905
750080591 27249371
750132090 27267334
750132090 27267334
750154519 27274521
750177349 27279908
750180470 27283565
750183534 27286525
750199709 27289411
750225672 27301795
750242542 27306025
750245462 27307565
750246466 27308594
750250970 27309817
750256587 27311575
750264427 27313884
750336646 27325462
750390627 27332676
750433720 27339647
750531563 27349611
750534102 27350039
750536270 27351277
750543547 27354538
751017911 27406756
751613780 27473552
751689770 27479108
751857853 27497895
751861584 27498925
752239649 27539911
753269786 27642803
754000208 27727360
754266479 27755885
754308959 27759341
754343411 27762593
754376675 27765713
754486499 27774645
754567019 27780945
754589699 27783465
754622891 27786771
754704863 27793723
754822157 27804858
754909541 27811606
754954048 27819243
754987928 27828708
755084288 27837524
755109869 27847012
755147061 27850388
755244969 27860674
755367993 27871026
755496393 27882872
755619780 27894915
755725740 27905049
755831472 27914425
755957136 27925477
756081348 27936505
756203184 27947037
756359612 27959938
756496868 27976715
756635964 27990847
756769680 28001719
756905303 28014532
757035787 28026517
757083643 28031883
757104763 28034487
757141723 28037463
757190695 28040931
757219795 28043937
757238383 28045569
757268875 28048301
757291695 28051385
757316364 28056701
757334844 28058201
757364116 28061685
757409885 28067388
757474697 28072944
757493651 28075687
757530677 28079033
757624661 28087557
757778810 28106597
757839762 28111901
757886094 28115969
757916586 28119053
757937706 28120421
757982586 28124789
758067430 28132641
758263698 28149745
758283634 28152321
758300474 28154491
758330482 28157933
758355838 28160692
758379454 28163691
758399254 28165275
758414774 28167329
758431030 28169705
758449874 28173383
758475137 28176352
758475137 28176352
758475557 28176835
758477747 28177882
758482672 28181735
758492839 28184399
758512569 28194189
758565781 28200271
758623185 28207703
758733725 28220822
758975021 28246166
759016133 28250408
759369736 28290242
759695101 28328219
760016917 28361751
760051501 28365891
760067580 28367082
760082100 28368950
760111140 28371674
760131072 28373858
760154832 28375322
760173312 28376750
760211592 28380166
760241952 28383198
760275192 28386222
760297632 28387998
760345147 28396967
760381051 28400467
760403491 28402363
760432957 28405187
760526941 28411019
760593353 28416991
760623713 28419367
760646153 28421575
760696709 28425619
760746670 28430798
760766470 28432454
760807654 28435994
760847104 28441726
760861225 28443068
760861357 28443754
760884103 28447375
760886153 28449387
761641871 28523545
761840180 28555135
762004552 28570175
762093979 28577771
762137556 28585699
762205404 28592011
762243816 28595291
762295296 28599927
762403992 28610673
762475404 28616829
762501912 28620069
762537552 28623249
762605616 28628857
762633468 28631569
762671748 28634557
762808687 28646729
762817927 28647005
762833317 28648712
762857209 28650112
762879749 28650872
762894497 28660049
762894497 28660049
762894497 28660049
762894605 28660157
762894605 28660157
762896595 28660766
762899179 28664862
762899179 28664862
762899179 28664862
762935268 28679434
762941565 28683671
763033843 28690612
763045488 28691760
763051263 28693809
763051263 28693809
763062410 28699014
763062938 28699542
763062938 28699542
763062938 28699542
763062938 28699542
763063046 28699650
763063046 28699650
763063442 28700046
763063442 28700046
763063574 28700178
763066032 28700947
763066494 28701574
763066626 28701574
763075695 28706621
763075695 28706621
763089080 28717102
763107912 28724171
763115402 28727202
763116999 28730890
763136074 28736850
763174120 28750830
763639324 28815071
763972380 28859329
764080934 28867545
764137934 28872897
764164434 28875383
764216664 28882036
764259014 28889601
764293170 28894777
764331130 28898359
764483062 28911075
764486006 28913088
764487842 28914287
764487842 28914287
764487842 28914287
764487842 28914287
764487968 28914990
764597951 28936778
764624514 28948387
764627330 28951558
764627330 28951558
764633015 28961320
764633883 28961860
764633883 28961860
764633883 28961960
764633883 28961960
764638573 28963994
766324357 29011167
769492997 29087535
770566487 29125427
772540167 29173833
774803041 29226473
775402593 29238881
776348689 29266809
777591357 29302019
778765081 29331405
779278453 29345673
779604222 29440763
779632226 30596285
779643116 31080977
779649044 31340903
779657542 31631187
779671765 32286824
779701663 33604670
779712935 34119564
779725913 34729254
779741189 35291578
779752865 35624387
779758173 35824747
779787877 35835953
779880513 35860943
779937033 35887165
779964909 35901379
779993716 35908504
780007057 35914870
780028934 35923149
780029553 35925180
780030501 35928126
780805895 35953947
790331401 36034915
796548484 36077709
799660416 36105853
799671615 36110470
799682554 36116036
799682783 36117889
799682923 36119587
799684603 36122288
799701244 36127402
799711357 36137186
800452035 36166911
814293020 36558826
832331358 36998487
848541438 37382653
865175036 37769422
883425814 38202373
900440681 38648063
918140833 39101792
936480489 39544501
955014766 40020485
970523767 40450093
981954415 40743319
995795848 41111540
1011218780 41480879
1028691927 41893559
1047263873 42330416
1063440959 42714320
1081529477 43147988
1097285389 43568639
1113852601 43964271
1122192308 44164252
1122218436 44168190
1122259586 44172392
1122732571 44214813
1122814948 44221738
1122837618 44224080
1122857009 44226436
1123015903 44239818
1123186413 44253204
1123243305 44258720
1123329237 44266072
1123374513 44269924
1123919321 44329052
1123934121 44331184
1124020838 44356217
1124564326 44420294
1124908341 44452493
1125238938 44485165
1125309195 44492239
1125420920 44505769
1125660842 44528419
1125690463 44532067
1125764779 44538855
1126031611 44557597
1126316334 44584450
1126439072 44599201
1126473392 44602345
1126523552 44606833
1126539764 44608513
1126555604 44609977
1126597844 44614045
1126625756 44617064
1126674728 44620676
1126841899 44641725
1127145763 44664785
1127165695 44666713
1127181535 44668501
1127217821 44674969
1127578577 44708609
1127704109 44723929
1127870659 44739401
1127986497 44750928
